<?xml version="1.0" encoding="UTF-8"?>
<!-- Generated by org.testng.reporters.JUnitReportReporter -->
<testsuite hostname="SRDEVL172" failures="0" tests="1" name="Demo.Testng.TEST1" time="0.014" errors="0" timestamp="2023-06-22T07:00:08 IST" skipped="0">
  <testcase classname="Demo.Testng.TEST1" name="Method1" time="0.014"/>
</testsuite> <!-- Demo.Testng.TEST1 -->
